  [1m[35m (548.2ms)[0m  [1m[35mCREATE DATABASE "cats_99_development" ENCODING = 'unicode'[0m
  ↳ bin/rails:9
  [1m[35m (262.8ms)[0m  [1m[35mCREATE DATABASE "cats_99_test" ENCODING = 'unicode'[0m
  ↳ bin/rails:9
  [1m[35m (162.7ms)[0m  [1m[35mCREATE TABLE "schema_migrations" ("version" character varying NOT NULL PRIMARY KEY)[0m
  ↳ bin/rails:9
  [1m[35m (5.8ms)[0m  [1m[35mCREATE TABLE "ar_internal_metadata" ("key" character varying NOT NULL PRIMARY KEY, "value" character varying, "created_at" timestamp NOT NULL, "updated_at" timestamp NOT NULL)[0m
  ↳ bin/rails:9
  [1m[35m (0.9ms)[0m  [1m[34mSELECT pg_try_advisory_lock(2260121364129154575)[0m
  ↳ bin/rails:9
  [1m[35m (13.0ms)[0m  [1m[34mSELECT "schema_migrations"."version" FROM "schema_migrations" ORDER BY "schema_migrations"."version" ASC[0m
  ↳ bin/rails:9
Migrating to CreateCat (20180911182037)
  [1m[35m (0.3ms)[0m  [1m[35mBEGIN[0m
  ↳ bin/rails:9
  [1m[35m (79.7ms)[0m  [1m[35mCREATE TABLE "cats" ("id" bigserial primary key, "birth_date" date NOT NULL, "color" character varying NOT NULL, "name" character varying NOT NULL, "sex" character varying(1) NOT NULL, "description" text NOT NULL, "created_at" timestamp NOT NULL, "updated_at" timestamp NOT NULL)[0m
  ↳ db/migrate/20180911182037_create_cat.rb:3
  [1m[36mActiveRecord::SchemaMigration Create (0.7ms)[0m  [1m[32mINSERT INTO "schema_migrations" ("version") VALUES ($1) RETURNING "version"[0m  [["version", "20180911182037"]]
  ↳ bin/rails:9
  [1m[35m (0.6ms)[0m  [1m[35mCOMMIT[0m
  ↳ bin/rails:9
  [1m[36mActiveRecord::InternalMetadata Load (24.3ms)[0m  [1m[34mSELECT  "ar_internal_metadata".* FROM "ar_internal_metadata" WHERE "ar_internal_metadata"."key" = $1 LIMIT $2[0m  [["key", "environment"], ["LIMIT", 1]]
  ↳ bin/rails:9
  [1m[35m (0.2ms)[0m  [1m[35mBEGIN[0m
  ↳ bin/rails:9
  [1m[36mActiveRecord::InternalMetadata Create (0.7ms)[0m  [1m[32mINSERT INTO "ar_internal_metadata" ("key", "value", "created_at", "updated_at") VALUES ($1, $2, $3, $4) RETURNING "key"[0m  [["key", "environment"], ["value", "development"], ["created_at", "2018-09-11 18:26:10.628138"], ["updated_at", "2018-09-11 18:26:10.628138"]]
  ↳ bin/rails:9
  [1m[35m (0.4ms)[0m  [1m[35mCOMMIT[0m
  ↳ bin/rails:9
  [1m[35m (0.3ms)[0m  [1m[34mSELECT pg_advisory_unlock(2260121364129154575)[0m
  ↳ bin/rails:9
  [1m[35m (0.4ms)[0m  [1m[34mSELECT "schema_migrations"."version" FROM "schema_migrations" ORDER BY "schema_migrations"."version" ASC[0m
  ↳ bin/rails:9
  [1m[35m (1.7ms)[0m  [1m[34mSELECT "schema_migrations"."version" FROM "schema_migrations" ORDER BY "schema_migrations"."version" ASC[0m
  ↳ /usr/local/var/rbenv/versions/2.5.0/bin/annotate:23
  [1m[35m (0.2ms)[0m  [1m[35mBEGIN[0m
  [1m[35m (0.6ms)[0m  [1m[31mROLLBACK[0m
  [1m[35m (0.2ms)[0m  [1m[35mBEGIN[0m
  [1m[36mCat Create (14.6ms)[0m  [1m[32mINSERT INTO "cats" ("birth_date", "color", "name", "sex", "description", "created_at", "updated_at") VALUES ($1, $2, $3, $4, $5, $6, $7) RETURNING "id"[0m  [["birth_date", "2015-01-20"], ["color", "purple"], ["name", "Breakfast"], ["sex", "M"], ["description", "Delicious"], ["created_at", "2018-09-11 18:45:18.943430"], ["updated_at", "2018-09-11 18:45:18.943430"]]
  [1m[35m (16.7ms)[0m  [1m[35mCOMMIT[0m
Started GET "/" for 127.0.0.1 at 2018-09-11 11:53:29 -0700
  [1m[35m (15.1ms)[0m  [1m[34mSELECT "schema_migrations"."version" FROM "schema_migrations" ORDER BY "schema_migrations"."version" ASC[0m
  ↳ /usr/local/var/rbenv/versions/2.5.0/lib/ruby/gems/2.5.0/gems/activerecord-5.2.1/lib/active_record/log_subscriber.rb:98
Processing by Rails::WelcomeController#index as */*
  Rendering /usr/local/var/rbenv/versions/2.5.0/lib/ruby/gems/2.5.0/gems/railties-5.2.1/lib/rails/templates/rails/welcome/index.html.erb
  Rendered /usr/local/var/rbenv/versions/2.5.0/lib/ruby/gems/2.5.0/gems/railties-5.2.1/lib/rails/templates/rails/welcome/index.html.erb (18.7ms)
Completed 200 OK in 246ms (Views: 123.4ms | ActiveRecord: 0.0ms)


Started GET "/cats" for 127.0.0.1 at 2018-09-11 11:53:54 -0700

AbstractController::ActionNotFound - The action 'show' could not be found for CatsController:

Started GET "/cats" for 127.0.0.1 at 2018-09-11 11:57:00 -0700
Processing by CatsController#index as */*
  [1m[36mCat Load (14.6ms)[0m  [1m[34mSELECT "cats".* FROM "cats"[0m
  ↳ app/controllers/cats_controller.rb:5
Completed 200 OK in 98ms (Views: 55.4ms | ActiveRecord: 26.5ms)


Started GET "/cats" for 127.0.0.1 at 2018-09-11 11:57:41 -0700
Processing by CatsController#index as */*
  [1m[36mCat Load (0.6ms)[0m  [1m[34mSELECT "cats".* FROM "cats"[0m
  ↳ app/controllers/cats_controller.rb:5
Completed 200 OK in 3ms (Views: 2.1ms | ActiveRecord: 0.6ms)


Started GET "/cats" for 127.0.0.1 at 2018-09-11 12:08:02 -0700
Processing by CatsController#index as */*
  [1m[36mCat Load (1.1ms)[0m  [1m[34mSELECT "cats".* FROM "cats"[0m
  ↳ app/controllers/cats_controller.rb:5
Completed 200 OK in 60ms (Views: 10.5ms | ActiveRecord: 11.1ms)


Started GET "/cats/1" for 127.0.0.1 at 2018-09-11 12:08:08 -0700
Processing by CatsController#show as */*
  Parameters: {"id"=>"1"}
  [1m[36mCat Load (0.5ms)[0m  [1m[34mSELECT  "cats".* FROM "cats" WHERE "cats"."id" = $1 LIMIT $2[0m  [["id", 1], ["LIMIT", 1]]
  ↳ app/controllers/cats_controller.rb:9
  Rendering cats/show.html.erb within layouts/application
  Rendered cats/show.html.erb within layouts/application (12.3ms)
Completed 200 OK in 2036ms (Views: 1988.0ms | ActiveRecord: 0.9ms)


Started GET "/cats/1" for 127.0.0.1 at 2018-09-11 12:09:49 -0700
Processing by CatsController#show as */*
  Parameters: {"id"=>"1"}
  [1m[36mCat Load (0.7ms)[0m  [1m[34mSELECT  "cats".* FROM "cats" WHERE "cats"."id" = $1 LIMIT $2[0m  [["id", 1], ["LIMIT", 1]]
  ↳ app/controllers/cats_controller.rb:9
  Rendering cats/show.html.erb within layouts/application
  Rendered cats/show.html.erb within layouts/application (0.8ms)
Completed 200 OK in 95ms (Views: 92.2ms | ActiveRecord: 0.7ms)


Started GET "/cats/1" for 127.0.0.1 at 2018-09-11 12:12:18 -0700
Processing by CatsController#show as */*
  Parameters: {"id"=>"1"}
  [1m[36mCat Load (0.5ms)[0m  [1m[34mSELECT  "cats".* FROM "cats" WHERE "cats"."id" = $1 LIMIT $2[0m  [["id", 1], ["LIMIT", 1]]
  ↳ app/controllers/cats_controller.rb:9
  Rendering cats/show.html.erb within layouts/application
  Rendered cats/show.html.erb within layouts/application (0.7ms)
Completed 200 OK in 62ms (Views: 60.2ms | ActiveRecord: 0.5ms)


Started GET "/cats/1" for 127.0.0.1 at 2018-09-11 12:12:51 -0700
Processing by CatsController#show as */*
  Parameters: {"id"=>"1"}
  [1m[36mCat Load (0.5ms)[0m  [1m[34mSELECT  "cats".* FROM "cats" WHERE "cats"."id" = $1 LIMIT $2[0m  [["id", 1], ["LIMIT", 1]]
  ↳ app/controllers/cats_controller.rb:9
  Rendering cats/show.html.erb within layouts/application
  Rendered cats/show.html.erb within layouts/application (0.9ms)
Completed 200 OK in 61ms (Views: 58.8ms | ActiveRecord: 0.5ms)


Started GET "/cats/1" for 127.0.0.1 at 2018-09-11 12:14:25 -0700
Processing by CatsController#show as */*
  Parameters: {"id"=>"1"}
  [1m[36mCat Load (0.9ms)[0m  [1m[34mSELECT  "cats".* FROM "cats" WHERE "cats"."id" = $1 LIMIT $2[0m  [["id", 1], ["LIMIT", 1]]
  ↳ app/controllers/cats_controller.rb:9
  Rendering cats/show.html.erb within layouts/application
  Rendered cats/show.html.erb within layouts/application (0.6ms)
Completed 200 OK in 40ms (Views: 37.6ms | ActiveRecord: 0.9ms)


Started GET "/cats/1" for 127.0.0.1 at 2018-09-11 12:14:51 -0700
Processing by CatsController#show as */*
  Parameters: {"id"=>"1"}
  [1m[36mCat Load (0.5ms)[0m  [1m[34mSELECT  "cats".* FROM "cats" WHERE "cats"."id" = $1 LIMIT $2[0m  [["id", 1], ["LIMIT", 1]]
  ↳ app/controllers/cats_controller.rb:9
  Rendering cats/show.html.erb within layouts/application
  Rendered cats/show.html.erb within layouts/application (0.8ms)
Completed 200 OK in 50ms (Views: 48.0ms | ActiveRecord: 0.5ms)


Started GET "/cats/1" for 127.0.0.1 at 2018-09-11 12:15:04 -0700
Processing by CatsController#show as */*
  Parameters: {"id"=>"1"}
  [1m[36mCat Load (0.5ms)[0m  [1m[34mSELECT  "cats".* FROM "cats" WHERE "cats"."id" = $1 LIMIT $2[0m  [["id", 1], ["LIMIT", 1]]
  ↳ app/controllers/cats_controller.rb:9
  Rendering cats/show.html.erb within layouts/application
  Rendered cats/show.html.erb within layouts/application (0.9ms)
Completed 200 OK in 43ms (Views: 40.7ms | ActiveRecord: 0.5ms)


Started GET "/cats/1" for 127.0.0.1 at 2018-09-11 12:16:19 -0700
Processing by CatsController#show as */*
  Parameters: {"id"=>"1"}
  [1m[36mCat Load (0.4ms)[0m  [1m[34mSELECT  "cats".* FROM "cats" WHERE "cats"."id" = $1 LIMIT $2[0m  [["id", 1], ["LIMIT", 1]]
  ↳ app/controllers/cats_controller.rb:9
  Rendering cats/show.html.erb within layouts/application
  Rendered cats/show.html.erb within layouts/application (0.9ms)
Completed 200 OK in 39ms (Views: 37.0ms | ActiveRecord: 0.4ms)


Started GET "/cats/" for 127.0.0.1 at 2018-09-11 13:39:56 -0700
Processing by CatsController#index as */*
  Rendering cats/index.html.erb within layouts/application
  [1m[36mCat Load (1.2ms)[0m  [1m[34mSELECT "cats".* FROM "cats"[0m
  ↳ app/views/cats/index.html.erb:2
  Rendered cats/index.html.erb within layouts/application (29.4ms)
Completed 200 OK in 300ms (Views: 264.7ms | ActiveRecord: 12.3ms)


Started GET "/cats/" for 127.0.0.1 at 2018-09-11 13:40:59 -0700
Processing by CatsController#index as */*
  Rendering cats/index.html.erb within layouts/application
  [1m[36mCat Load (0.4ms)[0m  [1m[34mSELECT "cats".* FROM "cats"[0m
  ↳ app/views/cats/index.html.erb:2
  Rendered cats/index.html.erb within layouts/application (1.8ms)
Completed 200 OK in 63ms (Views: 61.1ms | ActiveRecord: 0.4ms)


Started GET "/cats/" for 127.0.0.1 at 2018-09-11 13:40:59 -0700
Processing by CatsController#index as */*
  Rendering cats/index.html.erb within layouts/application
  [1m[36mCat Load (0.4ms)[0m  [1m[34mSELECT "cats".* FROM "cats"[0m
  ↳ app/views/cats/index.html.erb:2
  Rendered cats/index.html.erb within layouts/application (2.1ms)
Completed 200 OK in 45ms (Views: 43.8ms | ActiveRecord: 0.4ms)


Started GET "/cats/" for 127.0.0.1 at 2018-09-11 13:42:06 -0700
Processing by CatsController#index as */*
  Rendering cats/index.html.erb within layouts/application
  [1m[36mCat Load (0.4ms)[0m  [1m[34mSELECT "cats".* FROM "cats"[0m
  ↳ app/views/cats/index.html.erb:2
  Rendered cats/index.html.erb within layouts/application (1.8ms)
Completed 200 OK in 58ms (Views: 57.2ms | ActiveRecord: 0.4ms)


Started GET "/cats/" for 127.0.0.1 at 2018-09-11 13:42:06 -0700
Processing by CatsController#index as */*
  Rendering cats/index.html.erb within layouts/application
  [1m[36mCat Load (1.5ms)[0m  [1m[34mSELECT "cats".* FROM "cats"[0m
  ↳ app/views/cats/index.html.erb:2
  Rendered cats/index.html.erb within layouts/application (3.7ms)
Completed 200 OK in 56ms (Views: 53.3ms | ActiveRecord: 1.5ms)


Started GET "/cats/1" for 127.0.0.1 at 2018-09-11 13:42:19 -0700
Processing by CatsController#show as */*
  Parameters: {"id"=>"1"}
  [1m[36mCat Load (0.5ms)[0m  [1m[34mSELECT  "cats".* FROM "cats" WHERE "cats"."id" = $1 LIMIT $2[0m  [["id", 1], ["LIMIT", 1]]
  ↳ app/controllers/cats_controller.rb:9
  Rendering cats/show.html.erb within layouts/application
  Rendered cats/show.html.erb within layouts/application (0.9ms)
Completed 200 OK in 72ms (Views: 68.0ms | ActiveRecord: 0.8ms)


Started GET "/cats/" for 127.0.0.1 at 2018-09-11 13:42:42 -0700
Processing by CatsController#index as */*
  Rendering cats/index.html.erb within layouts/application
  [1m[36mCat Load (0.5ms)[0m  [1m[34mSELECT "cats".* FROM "cats"[0m
  ↳ app/views/cats/index.html.erb:2
  Rendered cats/index.html.erb within layouts/application (2.1ms)
Completed 200 OK in 52ms (Views: 50.3ms | ActiveRecord: 0.5ms)


Started GET "/cats/" for 127.0.0.1 at 2018-09-11 13:49:41 -0700
Processing by CatsController#index as */*
  Rendering cats/index.html.erb within layouts/application
  [1m[36mCat Load (2.0ms)[0m  [1m[34mSELECT "cats".* FROM "cats"[0m
  ↳ app/views/cats/index.html.erb:2
  Rendered cats/index.html.erb within layouts/application (61.3ms)
Completed 200 OK in 192ms (Views: 154.1ms | ActiveRecord: 22.8ms)


Started GET "/cats/1" for 127.0.0.1 at 2018-09-11 13:50:18 -0700
Processing by CatsController#show as */*
  Parameters: {"id"=>"1"}
  [1m[36mCat Load (0.5ms)[0m  [1m[34mSELECT  "cats".* FROM "cats" WHERE "cats"."id" = $1 LIMIT $2[0m  [["id", 1], ["LIMIT", 1]]
  ↳ app/controllers/cats_controller.rb:9
  Rendering cats/show.html.erb within layouts/application
  Rendered cats/show.html.erb within layouts/application (0.7ms)
Completed 200 OK in 56ms (Views: 53.2ms | ActiveRecord: 0.7ms)


Started GET "/cats/1" for 127.0.0.1 at 2018-09-11 13:54:06 -0700
Processing by CatsController#show as */*
  Parameters: {"id"=>"1"}
  [1m[36mCat Load (0.4ms)[0m  [1m[34mSELECT  "cats".* FROM "cats" WHERE "cats"."id" = $1 LIMIT $2[0m  [["id", 1], ["LIMIT", 1]]
  ↳ app/controllers/cats_controller.rb:9
  Rendering cats/show.html.erb within layouts/application
  Rendered cats/show.html.erb within layouts/application (0.6ms)
Completed 200 OK in 55ms (Views: 53.5ms | ActiveRecord: 0.4ms)


Started GET "/cats" for 127.0.0.1 at 2018-09-11 13:55:38 -0700
Processing by CatsController#index as */*
  Rendering cats/index.html.erb within layouts/application
  [1m[36mCat Load (0.6ms)[0m  [1m[34mSELECT "cats".* FROM "cats"[0m
  ↳ app/views/cats/index.html.erb:2
  Rendered cats/index.html.erb within layouts/application (4.0ms)
Completed 200 OK in 59ms (Views: 56.4ms | ActiveRecord: 0.6ms)


Started GET "/cats/1" for 127.0.0.1 at 2018-09-11 13:55:39 -0700
Processing by CatsController#show as HTML
  Parameters: {"id"=>"1"}
  [1m[36mCat Load (0.8ms)[0m  [1m[34mSELECT  "cats".* FROM "cats" WHERE "cats"."id" = $1 LIMIT $2[0m  [["id", 1], ["LIMIT", 1]]
  ↳ app/controllers/cats_controller.rb:9
  Rendering cats/show.html.erb within layouts/application
  Rendered cats/show.html.erb within layouts/application (0.6ms)
Completed 200 OK in 16ms (Views: 13.8ms | ActiveRecord: 0.8ms)


Started GET "/cats/1" for 127.0.0.1 at 2018-09-11 13:56:22 -0700
Processing by CatsController#show as */*
  Parameters: {"id"=>"1"}
  [1m[36mCat Load (0.6ms)[0m  [1m[34mSELECT  "cats".* FROM "cats" WHERE "cats"."id" = $1 LIMIT $2[0m  [["id", 1], ["LIMIT", 1]]
  ↳ app/controllers/cats_controller.rb:9
  Rendering cats/show.html.erb within layouts/application
  Rendered cats/show.html.erb within layouts/application (0.9ms)
Completed 200 OK in 46ms (Views: 42.8ms | ActiveRecord: 0.6ms)


Started GET "/cats" for 127.0.0.1 at 2018-09-11 13:57:51 -0700
Processing by CatsController#index as */*
  Rendering cats/index.html.erb within layouts/application
  [1m[36mCat Load (0.5ms)[0m  [1m[34mSELECT "cats".* FROM "cats"[0m
  ↳ app/views/cats/index.html.erb:2
  Rendered cats/index.html.erb within layouts/application (30.2ms)
Completed 200 OK in 124ms (Views: 89.8ms | ActiveRecord: 8.9ms)


Started GET "/cats/1" for 127.0.0.1 at 2018-09-11 13:57:56 -0700
Processing by CatsController#show as HTML
  Parameters: {"id"=>"1"}
  [1m[36mCat Load (0.5ms)[0m  [1m[34mSELECT  "cats".* FROM "cats" WHERE "cats"."id" = $1 LIMIT $2[0m  [["id", 1], ["LIMIT", 1]]
  ↳ app/controllers/cats_controller.rb:9
Started GET "/" for 127.0.0.1 at 2018-09-11 13:59:17 -0700
  [1m[35m (1.3ms)[0m  [1m[34mSELECT "schema_migrations"."version" FROM "schema_migrations" ORDER BY "schema_migrations"."version" ASC[0m
  ↳ /usr/local/var/rbenv/versions/2.5.0/lib/ruby/gems/2.5.0/gems/activerecord-5.2.1/lib/active_record/log_subscriber.rb:98
Processing by Rails::WelcomeController#index as HTML
  Rendering /usr/local/var/rbenv/versions/2.5.0/lib/ruby/gems/2.5.0/gems/railties-5.2.1/lib/rails/templates/rails/welcome/index.html.erb
  Rendered /usr/local/var/rbenv/versions/2.5.0/lib/ruby/gems/2.5.0/gems/railties-5.2.1/lib/rails/templates/rails/welcome/index.html.erb (4.0ms)
Completed 200 OK in 37ms (Views: 10.4ms | ActiveRecord: 0.0ms)


Started GET "/cats" for 127.0.0.1 at 2018-09-11 13:59:23 -0700
Processing by CatsController#index as HTML
  Rendering cats/index.html.erb within layouts/application
  [1m[36mCat Load (1.6ms)[0m  [1m[34mSELECT "cats".* FROM "cats"[0m
  ↳ app/views/cats/index.html.erb:2
  Rendered cats/index.html.erb within layouts/application (37.7ms)
Completed 200 OK in 520ms (Views: 472.0ms | ActiveRecord: 11.4ms)


Started GET "/cats/1" for 127.0.0.1 at 2018-09-11 13:59:26 -0700
Processing by CatsController#show as HTML
  Parameters: {"id"=>"1"}
  [1m[36mCat Load (0.7ms)[0m  [1m[34mSELECT  "cats".* FROM "cats" WHERE "cats"."id" = $1 LIMIT $2[0m  [["id", 1], ["LIMIT", 1]]
  ↳ app/controllers/cats_controller.rb:9
  Rendering cats/show.html.erb within layouts/application
  Rendered cats/show.html.erb within layouts/application (1.2ms)
Completed 200 OK in 5844ms (Views: 13.0ms | ActiveRecord: 1.2ms)


Started GET "/cats/1" for 127.0.0.1 at 2018-09-11 14:05:25 -0700
Processing by CatsController#show as HTML
  Parameters: {"id"=>"1"}
  [1m[36mCat Load (1.1ms)[0m  [1m[34mSELECT  "cats".* FROM "cats" WHERE "cats"."id" = $1 LIMIT $2[0m  [["id", 1], ["LIMIT", 1]]
  ↳ app/controllers/cats_controller.rb:9
  Rendering cats/show.html.erb within layouts/application
  Rendered cats/show.html.erb within layouts/application (0.9ms)
Completed 200 OK in 79ms (Views: 30.5ms | ActiveRecord: 15.7ms)


Started GET "/cats/new" for 127.0.0.1 at 2018-09-11 14:05:29 -0700
Processing by CatsController#new as HTML
  Rendering cats/form.html.erb within layouts/application
  Rendered cats/form.html.erb within layouts/application (0.4ms)
Completed 200 OK in 12ms (Views: 11.3ms | ActiveRecord: 0.0ms)


Started GET "/cats/new" for 127.0.0.1 at 2018-09-11 14:10:39 -0700
Processing by CatsController#new as HTML
  Rendering cats/form.html.erb within layouts/application
  Rendered cats/form.html.erb within layouts/application (0.8ms)
Completed 200 OK in 29ms (Views: 28.4ms | ActiveRecord: 0.0ms)


Started GET "/cats/new" for 127.0.0.1 at 2018-09-11 14:11:34 -0700
Processing by CatsController#new as HTML
  Rendering cats/form.html.erb within layouts/application
  Rendered cats/form.html.erb within layouts/application (0.5ms)
Completed 200 OK in 30ms (Views: 28.9ms | ActiveRecord: 0.0ms)


Started GET "/cats/new" for 127.0.0.1 at 2018-09-11 14:11:53 -0700
Processing by CatsController#new as HTML
  Rendering cats/form.html.erb within layouts/application
  Rendered cats/form.html.erb within layouts/application (0.5ms)
Completed 200 OK in 13ms (Views: 12.2ms | ActiveRecord: 0.0ms)


Started GET "/cats/new" for 127.0.0.1 at 2018-09-11 14:12:55 -0700
Processing by CatsController#new as HTML
  Rendering cats/form.html.erb within layouts/application
  Rendered cats/form.html.erb within layouts/application (1.0ms)
Completed 200 OK in 13ms (Views: 12.7ms | ActiveRecord: 0.0ms)


Started GET "/cats/new" for 127.0.0.1 at 2018-09-11 14:13:33 -0700
Processing by CatsController#new as HTML
  Rendering cats/form.html.erb within layouts/application
  Rendered cats/form.html.erb within layouts/application (0.5ms)
Completed 200 OK in 15ms (Views: 14.5ms | ActiveRecord: 0.0ms)


Started GET "/cats/1/edit" for 127.0.0.1 at 2018-09-11 14:19:49 -0700
Processing by CatsController#edit as HTML
  Parameters: {"id"=>"1"}
  [1m[36mCat Load (1.5ms)[0m  [1m[34mSELECT  "cats".* FROM "cats" WHERE "cats"."id" = $1 LIMIT $2[0m  [["id", 1], ["LIMIT", 1]]
  ↳ app/controllers/cats_controller.rb:18
  Rendering cats/edit.html.erb within layouts/application
  Rendered cats/edit.html.erb within layouts/application (1.8ms)
Completed 500 Internal Server Error in 64ms (ActiveRecord: 12.5ms)



SyntaxError - syntax error, unexpected ')'
...t.color == 'red' ? selected : );@output_buffer.safe_append='...
...                              ^
/Users/appacademy/Desktop/W4D2/cats_99/app/views/cats/edit.html.erb:17: syntax error, unexpected ')'
...color == 'green' ? selected : );@output_buffer.safe_append='...
...                              ^
/Users/appacademy/Desktop/W4D2/cats_99/app/views/cats/edit.html.erb:18: syntax error, unexpected ')'
....color == 'blue' ? selected : );@output_buffer.safe_append='...
...                              ^
/Users/appacademy/Desktop/W4D2/cats_99/app/views/cats/edit.html.erb:19: syntax error, unexpected ')'
...olor == 'purple' ? selected : );@output_buffer.safe_append='...
...                              ^
/Users/appacademy/Desktop/W4D2/cats_99/app/views/cats/edit.html.erb:30: syntax error, unexpected keyword_ensure, expecting ')'
          ensure
          ^~~~~~
/Users/appacademy/Desktop/W4D2/cats_99/app/views/cats/edit.html.erb:32: syntax error, unexpected keyword_end, expecting ')'
          end
          ^~~:
  app/views/cats/edit.html.erb:16:in `'
  app/controllers/cats_controller.rb:19:in `edit'

Started POST "/__better_errors/6d2edbf5e79bdd9a/variables" for 127.0.0.1 at 2018-09-11 14:19:49 -0700
Started GET "/cats/1/edit" for 127.0.0.1 at 2018-09-11 14:20:19 -0700
Processing by CatsController#edit as HTML
  Parameters: {"id"=>"1"}
  [1m[36mCat Load (0.9ms)[0m  [1m[34mSELECT  "cats".* FROM "cats" WHERE "cats"."id" = $1 LIMIT $2[0m  [["id", 1], ["LIMIT", 1]]
  ↳ app/controllers/cats_controller.rb:18
  Rendering cats/edit.html.erb within layouts/application
  Rendered cats/edit.html.erb within layouts/application (1.1ms)
Completed 500 Internal Server Error in 11ms (ActiveRecord: 0.9ms)



SyntaxError - syntax error, unexpected ')'
...t.color == 'red' ? selected : );@output_buffer.safe_append='...
...                              ^
/Users/appacademy/Desktop/W4D2/cats_99/app/views/cats/edit.html.erb:17: syntax error, unexpected ')'
...color == 'green' ? selected : );@output_buffer.safe_append='...
...                              ^
/Users/appacademy/Desktop/W4D2/cats_99/app/views/cats/edit.html.erb:18: syntax error, unexpected ')'
....color == 'blue' ? selected : );@output_buffer.safe_append='...
...                              ^
/Users/appacademy/Desktop/W4D2/cats_99/app/views/cats/edit.html.erb:19: syntax error, unexpected ')'
...olor == 'purple' ? selected : );@output_buffer.safe_append='...
...                              ^
/Users/appacademy/Desktop/W4D2/cats_99/app/views/cats/edit.html.erb:30: syntax error, unexpected keyword_ensure, expecting ')'
          ensure
          ^~~~~~
/Users/appacademy/Desktop/W4D2/cats_99/app/views/cats/edit.html.erb:32: syntax error, unexpected keyword_end, expecting ')'
          end
          ^~~:
  app/views/cats/edit.html.erb:16:in `'
  app/controllers/cats_controller.rb:19:in `edit'

Started POST "/__better_errors/a3df904dc04e1c73/variables" for 127.0.0.1 at 2018-09-11 14:20:19 -0700
Started GET "/cats/1/edit" for 127.0.0.1 at 2018-09-11 14:21:00 -0700
Processing by CatsController#edit as HTML
  Parameters: {"id"=>"1"}
  [1m[36mCat Load (0.4ms)[0m  [1m[34mSELECT  "cats".* FROM "cats" WHERE "cats"."id" = $1 LIMIT $2[0m  [["id", 1], ["LIMIT", 1]]
  ↳ app/controllers/cats_controller.rb:18
  Rendering cats/edit.html.erb within layouts/application
  Rendered cats/edit.html.erb within layouts/application (1.5ms)
Completed 500 Internal Server Error in 9ms (ActiveRecord: 0.4ms)



SyntaxError - syntax error, unexpected ';'
...t.color == 'red' ? selected : ;@output_buffer.safe_append=' ...
...                              ^
/Users/appacademy/Desktop/W4D2/cats_99/app/views/cats/edit.html.erb:17: syntax error, unexpected ')'
...color == 'green' ? selected : );@output_buffer.safe_append='...
...                              ^
/Users/appacademy/Desktop/W4D2/cats_99/app/views/cats/edit.html.erb:18: syntax error, unexpected ')'
....color == 'blue' ? selected : );@output_buffer.safe_append='...
...                              ^
/Users/appacademy/Desktop/W4D2/cats_99/app/views/cats/edit.html.erb:19: syntax error, unexpected ')'
...olor == 'purple' ? selected : );@output_buffer.safe_append='...
...                              ^
/Users/appacademy/Desktop/W4D2/cats_99/app/views/cats/edit.html.erb:30: syntax error, unexpected keyword_ensure, expecting ')'
          ensure
          ^~~~~~
/Users/appacademy/Desktop/W4D2/cats_99/app/views/cats/edit.html.erb:32: syntax error, unexpected keyword_end, expecting ')'
          end
          ^~~:
  app/views/cats/edit.html.erb:16:in `'
  app/controllers/cats_controller.rb:19:in `edit'

Started POST "/__better_errors/cf2c93def6ff9a26/variables" for 127.0.0.1 at 2018-09-11 14:21:00 -0700
Started GET "/cats/1/edit" for 127.0.0.1 at 2018-09-11 14:23:35 -0700
Processing by CatsController#edit as HTML
  Parameters: {"id"=>"1"}
  [1m[36mCat Load (1.0ms)[0m  [1m[34mSELECT  "cats".* FROM "cats" WHERE "cats"."id" = $1 LIMIT $2[0m  [["id", 1], ["LIMIT", 1]]
  ↳ app/controllers/cats_controller.rb:18
  Rendering cats/edit.html.erb within layouts/application
  Rendered cats/edit.html.erb within layouts/application (7.6ms)
Completed 500 Internal Server Error in 34ms (ActiveRecord: 1.0ms)



SyntaxError - syntax error, unexpected ')'
...color == 'red' ? "selected" : );@output_buffer.safe_append='...
...                              ^
/Users/appacademy/Desktop/W4D2/cats_99/app/views/cats/edit.html.erb:17: syntax error, unexpected ')'
...lor == 'green' ? "selected" : );@output_buffer.safe_append='...
...                              ^
/Users/appacademy/Desktop/W4D2/cats_99/app/views/cats/edit.html.erb:18: syntax error, unexpected ')'
...olor == 'blue' ? "selected" : );@output_buffer.safe_append='...
...                              ^
/Users/appacademy/Desktop/W4D2/cats_99/app/views/cats/edit.html.erb:19: syntax error, unexpected ')'
...or == 'purple' ? "selected" : );@output_buffer.safe_append='...
...                              ^
/Users/appacademy/Desktop/W4D2/cats_99/app/views/cats/edit.html.erb:30: syntax error, unexpected keyword_ensure, expecting ')'
          ensure
          ^~~~~~
/Users/appacademy/Desktop/W4D2/cats_99/app/views/cats/edit.html.erb:32: syntax error, unexpected keyword_end, expecting ')'
          end
          ^~~:
  app/views/cats/edit.html.erb:16:in `'
  app/controllers/cats_controller.rb:19:in `edit'

Started POST "/__better_errors/6c850919d528b9d7/variables" for 127.0.0.1 at 2018-09-11 14:23:35 -0700
Started GET "/cats/1/edit" for 127.0.0.1 at 2018-09-11 14:23:48 -0700
Processing by CatsController#edit as HTML
  Parameters: {"id"=>"1"}
  [1m[36mCat Load (0.9ms)[0m  [1m[34mSELECT  "cats".* FROM "cats" WHERE "cats"."id" = $1 LIMIT $2[0m  [["id", 1], ["LIMIT", 1]]
  ↳ app/controllers/cats_controller.rb:18
  Rendering cats/edit.html.erb within layouts/application
  Rendered cats/edit.html.erb within layouts/application (685.9ms)
Completed 500 Internal Server Error in 707ms (ActiveRecord: 0.9ms)



NameError - undefined local variable or method `cat' for #<#<Class:0x00007ffce2afd700>:0x00007ffcdfdad778>
Did you mean?  @cat:
  app/views/cats/edit.html.erb:5:in `_app_views_cats_edit_html_erb___4194694104834474360_70362012792720'
  app/controllers/cats_controller.rb:19:in `edit'

Started POST "/__better_errors/27e6c949a73561c8/variables" for 127.0.0.1 at 2018-09-11 14:23:49 -0700
Started GET "/cats/1/edit" for 127.0.0.1 at 2018-09-11 14:24:23 -0700
Processing by CatsController#edit as HTML
  Parameters: {"id"=>"1"}
  [1m[36mCat Load (0.7ms)[0m  [1m[34mSELECT  "cats".* FROM "cats" WHERE "cats"."id" = $1 LIMIT $2[0m  [["id", 1], ["LIMIT", 1]]
  ↳ app/controllers/cats_controller.rb:18
  Rendering cats/edit.html.erb within layouts/application
  Rendered cats/edit.html.erb within layouts/application (615.1ms)
Completed 500 Internal Server Error in 625ms (ActiveRecord: 0.7ms)



NameError - undefined local variable or method `cat' for #<#<Class:0x00007ffce2afd700>:0x00007ffce1f46330>
Did you mean?  @cat:
  app/views/cats/edit.html.erb:16:in `_app_views_cats_edit_html_erb___4194694104834474360_70362049685520'
  app/controllers/cats_controller.rb:19:in `edit'

Started POST "/__better_errors/688c40eba8e7ee59/variables" for 127.0.0.1 at 2018-09-11 14:24:24 -0700
Started GET "/cats/1/edit" for 127.0.0.1 at 2018-09-11 14:24:45 -0700
Processing by CatsController#edit as HTML
  Parameters: {"id"=>"1"}
  [1m[36mCat Load (0.3ms)[0m  [1m[34mSELECT  "cats".* FROM "cats" WHERE "cats"."id" = $1 LIMIT $2[0m  [["id", 1], ["LIMIT", 1]]
  ↳ app/controllers/cats_controller.rb:18
  Rendering cats/edit.html.erb within layouts/application
  Rendered cats/edit.html.erb within layouts/application (1.6ms)
Completed 200 OK in 39ms (Views: 35.4ms | ActiveRecord: 0.3ms)


Started GET "/cats/1/edit" for 127.0.0.1 at 2018-09-11 14:26:35 -0700
Processing by CatsController#edit as HTML
  Parameters: {"id"=>"1"}
  [1m[36mCat Load (0.4ms)[0m  [1m[34mSELECT  "cats".* FROM "cats" WHERE "cats"."id" = $1 LIMIT $2[0m  [["id", 1], ["LIMIT", 1]]
  ↳ app/controllers/cats_controller.rb:18
  Rendering cats/edit.html.erb within layouts/application
  Rendered cats/edit.html.erb within layouts/application (1.1ms)
Completed 200 OK in 28ms (Views: 25.4ms | ActiveRecord: 0.4ms)


Started GET "/cats/1/edit" for 127.0.0.1 at 2018-09-11 14:26:37 -0700
Processing by CatsController#edit as HTML
  Parameters: {"id"=>"1"}
  [1m[36mCat Load (0.3ms)[0m  [1m[34mSELECT  "cats".* FROM "cats" WHERE "cats"."id" = $1 LIMIT $2[0m  [["id", 1], ["LIMIT", 1]]
  ↳ app/controllers/cats_controller.rb:18
  Rendering cats/edit.html.erb within layouts/application
  Rendered cats/edit.html.erb within layouts/application (0.7ms)
Completed 200 OK in 15ms (Views: 13.0ms | ActiveRecord: 0.3ms)


Started GET "/cats/1/edit" for 127.0.0.1 at 2018-09-11 14:27:42 -0700
Processing by CatsController#edit as HTML
  Parameters: {"id"=>"1"}
  [1m[36mCat Load (0.4ms)[0m  [1m[34mSELECT  "cats".* FROM "cats" WHERE "cats"."id" = $1 LIMIT $2[0m  [["id", 1], ["LIMIT", 1]]
  ↳ app/controllers/cats_controller.rb:18
  Rendering cats/edit.html.erb within layouts/application
  Rendered cats/edit.html.erb within layouts/application (0.7ms)
Completed 200 OK in 14ms (Views: 11.9ms | ActiveRecord: 0.4ms)


Started GET "/cats/1/edit" for 127.0.0.1 at 2018-09-11 14:29:11 -0700
Processing by CatsController#edit as HTML
  Parameters: {"id"=>"1"}
  [1m[36mCat Load (0.5ms)[0m  [1m[34mSELECT  "cats".* FROM "cats" WHERE "cats"."id" = $1 LIMIT $2[0m  [["id", 1], ["LIMIT", 1]]
  ↳ app/controllers/cats_controller.rb:18
  Rendering cats/edit.html.erb within layouts/application
  Rendered cats/edit.html.erb within layouts/application (0.8ms)
Completed 200 OK in 29ms (Views: 26.3ms | ActiveRecord: 0.5ms)


Started GET "/cats/1/edit" for 127.0.0.1 at 2018-09-11 14:29:32 -0700
Processing by CatsController#edit as HTML
  Parameters: {"id"=>"1"}
  [1m[36mCat Load (0.4ms)[0m  [1m[34mSELECT  "cats".* FROM "cats" WHERE "cats"."id" = $1 LIMIT $2[0m  [["id", 1], ["LIMIT", 1]]
  ↳ app/controllers/cats_controller.rb:18
  Rendering cats/edit.html.erb within layouts/application
  Rendered cats/edit.html.erb within layouts/application (1.0ms)
Completed 200 OK in 15ms (Views: 12.3ms | ActiveRecord: 0.4ms)


Started GET "/cats/1/edit" for 127.0.0.1 at 2018-09-11 14:29:39 -0700
Processing by CatsController#edit as HTML
  Parameters: {"id"=>"1"}
  [1m[36mCat Load (0.4ms)[0m  [1m[34mSELECT  "cats".* FROM "cats" WHERE "cats"."id" = $1 LIMIT $2[0m  [["id", 1], ["LIMIT", 1]]
  ↳ app/controllers/cats_controller.rb:18
  Rendering cats/edit.html.erb within layouts/application
  Rendered cats/edit.html.erb within layouts/application (1.2ms)
Completed 200 OK in 14ms (Views: 12.9ms | ActiveRecord: 0.4ms)


Started GET "/cats/1/edit" for 127.0.0.1 at 2018-09-11 14:29:59 -0700
Processing by CatsController#edit as HTML
  Parameters: {"id"=>"1"}
  [1m[36mCat Load (0.3ms)[0m  [1m[34mSELECT  "cats".* FROM "cats" WHERE "cats"."id" = $1 LIMIT $2[0m  [["id", 1], ["LIMIT", 1]]
  ↳ app/controllers/cats_controller.rb:18
  Rendering cats/edit.html.erb within layouts/application
  Rendered cats/edit.html.erb within layouts/application (1.1ms)
Completed 200 OK in 18ms (Views: 16.7ms | ActiveRecord: 0.3ms)


Started GET "/cats/1/edit" for 127.0.0.1 at 2018-09-11 14:30:49 -0700
Processing by CatsController#edit as HTML
  Parameters: {"id"=>"1"}
  [1m[36mCat Load (0.7ms)[0m  [1m[34mSELECT  "cats".* FROM "cats" WHERE "cats"."id" = $1 LIMIT $2[0m  [["id", 1], ["LIMIT", 1]]
  ↳ app/controllers/cats_controller.rb:18
  Rendering cats/edit.html.erb within layouts/application
  Rendered cats/edit.html.erb within layouts/application (0.7ms)
Completed 200 OK in 27ms (Views: 24.1ms | ActiveRecord: 0.7ms)


Started GET "/cats/1/edit" for 127.0.0.1 at 2018-09-11 14:31:49 -0700
Processing by CatsController#edit as HTML
  Parameters: {"id"=>"1"}
  [1m[36mCat Load (0.4ms)[0m  [1m[34mSELECT  "cats".* FROM "cats" WHERE "cats"."id" = $1 LIMIT $2[0m  [["id", 1], ["LIMIT", 1]]
  ↳ app/controllers/cats_controller.rb:18
  Rendering cats/edit.html.erb within layouts/application
  Rendered cats/edit.html.erb within layouts/application (1.1ms)
Completed 200 OK in 16ms (Views: 13.6ms | ActiveRecord: 0.4ms)


Started GET "/cats/1/edit" for 127.0.0.1 at 2018-09-11 14:31:54 -0700
Processing by CatsController#edit as HTML
  Parameters: {"id"=>"1"}
  [1m[36mCat Load (0.3ms)[0m  [1m[34mSELECT  "cats".* FROM "cats" WHERE "cats"."id" = $1 LIMIT $2[0m  [["id", 1], ["LIMIT", 1]]
  ↳ app/controllers/cats_controller.rb:18
  Rendering cats/edit.html.erb within layouts/application
  Rendered cats/edit.html.erb within layouts/application (0.7ms)
Completed 200 OK in 13ms (Views: 11.7ms | ActiveRecord: 0.3ms)


Started GET "/cats/1/edit" for 127.0.0.1 at 2018-09-11 14:32:18 -0700
Processing by CatsController#edit as HTML
  Parameters: {"id"=>"1"}
  [1m[36mCat Load (0.7ms)[0m  [1m[34mSELECT  "cats".* FROM "cats" WHERE "cats"."id" = $1 LIMIT $2[0m  [["id", 1], ["LIMIT", 1]]
  ↳ app/controllers/cats_controller.rb:18
  Rendering cats/edit.html.erb within layouts/application
  Rendered cats/edit.html.erb within layouts/application (0.6ms)
Completed 200 OK in 14ms (Views: 11.8ms | ActiveRecord: 0.7ms)


Started GET "/cats/1/edit" for 127.0.0.1 at 2018-09-11 14:32:21 -0700
Processing by CatsController#edit as HTML
  Parameters: {"id"=>"1"}
  [1m[36mCat Load (0.3ms)[0m  [1m[34mSELECT  "cats".* FROM "cats" WHERE "cats"."id" = $1 LIMIT $2[0m  [["id", 1], ["LIMIT", 1]]
  ↳ app/controllers/cats_controller.rb:18
  Rendering cats/edit.html.erb within layouts/application
  Rendered cats/edit.html.erb within layouts/application (0.7ms)
Completed 200 OK in 13ms (Views: 11.2ms | ActiveRecord: 0.3ms)


Started GET "/cats/1/edit" for 127.0.0.1 at 2018-09-11 14:33:03 -0700
Processing by CatsController#edit as HTML
  Parameters: {"id"=>"1"}
  [1m[36mCat Load (0.9ms)[0m  [1m[34mSELECT  "cats".* FROM "cats" WHERE "cats"."id" = $1 LIMIT $2[0m  [["id", 1], ["LIMIT", 1]]
  ↳ app/controllers/cats_controller.rb:18
  Rendering cats/edit.html.erb within layouts/application
  Rendered cats/edit.html.erb within layouts/application (0.8ms)
Completed 200 OK in 28ms (Views: 24.1ms | ActiveRecord: 0.9ms)


Started GET "/cats/1/edit" for 127.0.0.1 at 2018-09-11 14:39:20 -0700
Processing by CatsController#edit as HTML
  Parameters: {"id"=>"1"}
  [1m[36mCat Load (1.1ms)[0m  [1m[34mSELECT  "cats".* FROM "cats" WHERE "cats"."id" = $1 LIMIT $2[0m  [["id", 1], ["LIMIT", 1]]
  ↳ app/controllers/cats_controller.rb:18
  Rendering cats/edit.html.erb within layouts/application
  Rendered cats/_form.html.erb (0.8ms)
  Rendered cats/edit.html.erb within layouts/application (4.2ms)
Completed 200 OK in 43ms (Views: 39.9ms | ActiveRecord: 1.1ms)


Started GET "/cats/1" for 127.0.0.1 at 2018-09-11 14:39:31 -0700
Processing by CatsController#show as HTML
  Parameters: {"id"=>"1"}
  [1m[36mCat Load (0.6ms)[0m  [1m[34mSELECT  "cats".* FROM "cats" WHERE "cats"."id" = $1 LIMIT $2[0m  [["id", 1], ["LIMIT", 1]]
  ↳ app/controllers/cats_controller.rb:9
  Rendering cats/show.html.erb within layouts/application
  Rendered cats/show.html.erb within layouts/application (0.7ms)
Completed 200 OK in 20ms (Views: 17.0ms | ActiveRecord: 0.6ms)


Started GET "/cats/" for 127.0.0.1 at 2018-09-11 14:39:36 -0700
Processing by CatsController#index as HTML
  Rendering cats/index.html.erb within layouts/application
  [1m[36mCat Load (0.4ms)[0m  [1m[34mSELECT "cats".* FROM "cats"[0m
  ↳ app/views/cats/index.html.erb:2
  Rendered cats/index.html.erb within layouts/application (2.6ms)
Completed 200 OK in 62ms (Views: 61.0ms | ActiveRecord: 0.4ms)


Started GET "/cats/1" for 127.0.0.1 at 2018-09-11 14:39:37 -0700
Processing by CatsController#show as HTML
  Parameters: {"id"=>"1"}
  [1m[36mCat Load (0.4ms)[0m  [1m[34mSELECT  "cats".* FROM "cats" WHERE "cats"."id" = $1 LIMIT $2[0m  [["id", 1], ["LIMIT", 1]]
  ↳ app/controllers/cats_controller.rb:9
  Rendering cats/show.html.erb within layouts/application
  Rendered cats/show.html.erb within layouts/application (0.7ms)
Completed 200 OK in 18ms (Views: 15.2ms | ActiveRecord: 0.7ms)


Started GET "/cats/new" for 127.0.0.1 at 2018-09-11 14:40:07 -0700
Processing by CatsController#new as HTML
  Rendering cats/form.html.erb within layouts/application
  Rendered cats/_form.html.erb (15.3ms)
  Rendered cats/form.html.erb within layouts/application (18.3ms)
Completed 500 Internal Server Error in 71ms (ActiveRecord: 0.0ms)



NoMethodError - undefined method `name' for nil:NilClass:
  app/views/cats/_form.html.erb:6:in `_app_views_cats__form_html_erb___3193629824622097100_70362047021100'
  app/views/cats/form.html.erb:1:in `_app_views_cats_form_html_erb___746308708231981757_70362046924520'
  app/controllers/cats_controller.rb:14:in `new'

Started POST "/__better_errors/165b89bd103e5276/variables" for 127.0.0.1 at 2018-09-11 14:40:07 -0700
Started GET "/cats/new" for 127.0.0.1 at 2018-09-11 14:43:09 -0700
Processing by CatsController#new as HTML
  Rendering cats/form.html.erb within layouts/application
  Rendered cats/_form.html.erb (3.5ms)
  Rendered cats/form.html.erb within layouts/application (20.0ms)
Completed 500 Internal Server Error in 50ms (ActiveRecord: 0.0ms)



ArgumentError - wrong number of arguments (given 0, expected 1):
  app/views/cats/_form.html.erb:4:in `_app_views_cats__form_html_erb___3193629824622097100_70362071063700'
  app/views/cats/form.html.erb:1:in `_app_views_cats_form_html_erb___746308708231981757_70362063677160'
  app/controllers/cats_controller.rb:14:in `new'

Started POST "/__better_errors/691908b48d37ff32/variables" for 127.0.0.1 at 2018-09-11 14:43:10 -0700
Started GET "/cats/new" for 127.0.0.1 at 2018-09-11 14:43:57 -0700
Processing by CatsController#new as HTML
  Rendering cats/form.html.erb within layouts/application
  Rendered cats/_form.html.erb (4.3ms)
  Rendered cats/form.html.erb within layouts/application (7.1ms)
Completed 500 Internal Server Error in 14ms (ActiveRecord: 0.0ms)



NoMethodError - undefined method `name' for nil:NilClass:
  app/views/cats/_form.html.erb:9:in `_app_views_cats__form_html_erb___3193629824622097100_70362011958820'
  app/views/cats/form.html.erb:1:in `_app_views_cats_form_html_erb___746308708231981757_70362011938080'
  app/controllers/cats_controller.rb:14:in `new'

Started POST "/__better_errors/75ec09c850532660/variables" for 127.0.0.1 at 2018-09-11 14:43:57 -0700
Started GET "/cats/new" for 127.0.0.1 at 2018-09-11 14:44:46 -0700
Processing by CatsController#new as HTML
  Rendering cats/form.html.erb within layouts/application
  Rendered cats/_form.html.erb (4.2ms)
  Rendered cats/form.html.erb within layouts/application (7.5ms)
Completed 500 Internal Server Error in 16ms (ActiveRecord: 0.0ms)



NoMethodError - undefined method `name' for nil:NilClass:
  app/views/cats/_form.html.erb:9:in `_app_views_cats__form_html_erb___3193629824622097100_70362049765760'
  app/views/cats/form.html.erb:1:in `_app_views_cats_form_html_erb___746308708231981757_70362055699640'
  app/controllers/cats_controller.rb:14:in `new'

Started POST "/__better_errors/ea91ae774aea2cb0/variables" for 127.0.0.1 at 2018-09-11 14:44:46 -0700
Started GET "/cats/edit" for 127.0.0.1 at 2018-09-11 14:45:12 -0700
Processing by CatsController#show as HTML
  Parameters: {"id"=>"edit"}
  [1m[36mCat Load (1.0ms)[0m  [1m[34mSELECT  "cats".* FROM "cats" WHERE "cats"."id" = $1 LIMIT $2[0m  [["id", 0], ["LIMIT", 1]]
  ↳ app/controllers/cats_controller.rb:9
Completed 404 Not Found in 5ms (ActiveRecord: 1.0ms)



ActiveRecord::RecordNotFound - Couldn't find Cat with 'id'=edit:
  app/controllers/cats_controller.rb:9:in `show'

Started POST "/__better_errors/96dd54539529b88b/variables" for 127.0.0.1 at 2018-09-11 14:45:12 -0700
Started GET "/cats/edit" for 127.0.0.1 at 2018-09-11 14:45:28 -0700
Processing by CatsController#show as HTML
  Parameters: {"id"=>"edit"}
  [1m[36mCat Load (0.6ms)[0m  [1m[34mSELECT  "cats".* FROM "cats" WHERE "cats"."id" = $1 LIMIT $2[0m  [["id", 0], ["LIMIT", 1]]
  ↳ app/controllers/cats_controller.rb:9
Completed 404 Not Found in 4ms (ActiveRecord: 0.6ms)



ActiveRecord::RecordNotFound - Couldn't find Cat with 'id'=edit:
  app/controllers/cats_controller.rb:9:in `show'

Started POST "/__better_errors/fb8862d94294f1e4/variables" for 127.0.0.1 at 2018-09-11 14:45:28 -0700
Started GET "/cats/1/edit" for 127.0.0.1 at 2018-09-11 14:45:42 -0700
Processing by CatsController#edit as HTML
  Parameters: {"id"=>"1"}
  [1m[36mCat Load (0.7ms)[0m  [1m[34mSELECT  "cats".* FROM "cats" WHERE "cats"."id" = $1 LIMIT $2[0m  [["id", 1], ["LIMIT", 1]]
  ↳ app/controllers/cats_controller.rb:18
  Rendering cats/edit.html.erb within layouts/application
  Rendered cats/_form.html.erb (1.0ms)
  Rendered cats/edit.html.erb within layouts/application (3.8ms)
Completed 200 OK in 83ms (Views: 79.4ms | ActiveRecord: 0.7ms)


Started GET "/cats/new" for 127.0.0.1 at 2018-09-11 14:45:47 -0700
Processing by CatsController#new as HTML
  Rendering cats/form.html.erb within layouts/application
  Rendered cats/_form.html.erb (5.7ms)
  Rendered cats/form.html.erb within layouts/application (7.9ms)
Completed 500 Internal Server Error in 15ms (ActiveRecord: 0.0ms)



NoMethodError - undefined method `name' for nil:NilClass:
  app/views/cats/_form.html.erb:9:in `_app_views_cats__form_html_erb___3193629824622097100_70362063388600'
  app/views/cats/form.html.erb:1:in `_app_views_cats_form_html_erb___746308708231981757_70362063350240'
  app/controllers/cats_controller.rb:14:in `new'

Started POST "/__better_errors/805ffaa7c8df3aca/variables" for 127.0.0.1 at 2018-09-11 14:45:47 -0700
Started GET "/cats/new" for 127.0.0.1 at 2018-09-11 14:46:22 -0700
Processing by CatsController#new as HTML
  Rendering cats/form.html.erb within layouts/application
  Rendered cats/_form.html.erb (4.0ms)
  Rendered cats/form.html.erb within layouts/application (6.2ms)
Completed 500 Internal Server Error in 26ms (ActiveRecord: 0.0ms)



NoMethodError - undefined method `sex' for nil:NilClass:
  app/views/cats/_form.html.erb:13:in `_app_views_cats__form_html_erb___3193629824622097100_70362063654580'
  app/views/cats/form.html.erb:1:in `_app_views_cats_form_html_erb___746308708231981757_70362063791540'
  app/controllers/cats_controller.rb:14:in `new'

Started POST "/__better_errors/36250fd4eb2d3403/variables" for 127.0.0.1 at 2018-09-11 14:46:22 -0700
Started GET "/cats/new" for 127.0.0.1 at 2018-09-11 14:46:31 -0700
Processing by CatsController#new as HTML
  Rendering cats/form.html.erb within layouts/application
  Rendered cats/_form.html.erb (5.6ms)
  Rendered cats/form.html.erb within layouts/application (9.7ms)
Completed 500 Internal Server Error in 17ms (ActiveRecord: 0.0ms)



NoMethodError - undefined method `name' for nil:NilClass:
  app/views/cats/_form.html.erb:9:in `_app_views_cats__form_html_erb___3193629824622097100_70362049873340'
  app/views/cats/form.html.erb:1:in `_app_views_cats_form_html_erb___746308708231981757_70362049910160'
  app/controllers/cats_controller.rb:14:in `new'

Started POST "/__better_errors/e839185fccec4224/variables" for 127.0.0.1 at 2018-09-11 14:46:31 -0700
Started GET "/cats/new" for 127.0.0.1 at 2018-09-11 14:49:50 -0700
Processing by CatsController#new as HTML
  Rendering cats/form.html.erb within layouts/application
  Rendered cats/_form.html.erb (9.8ms)
  Rendered cats/form.html.erb within layouts/application (15.5ms)
Completed 500 Internal Server Error in 32ms (ActiveRecord: 0.0ms)



NoMethodError - undefined method `sex' for nil:NilClass:
  app/views/cats/_form.html.erb:19:in `_app_views_cats__form_html_erb___3193629824622097100_70362049213560'
  app/views/cats/form.html.erb:1:in `_app_views_cats_form_html_erb___746308708231981757_70362049298260'
  app/controllers/cats_controller.rb:15:in `new'

Started POST "/__better_errors/83729396a45e29e0/variables" for 127.0.0.1 at 2018-09-11 14:49:51 -0700
Started GET "/cats/new" for 127.0.0.1 at 2018-09-11 14:51:39 -0700
Processing by CatsController#new as HTML
  Rendering cats/form.html.erb within layouts/application
  Rendered cats/_form.html.erb (4.2ms)
  Rendered cats/form.html.erb within layouts/application (12.0ms)
Completed 500 Internal Server Error in 21ms (ActiveRecord: 0.0ms)



NoMethodError - undefined method `sex' for nil:NilClass:
  app/views/cats/_form.html.erb:27:in `_app_views_cats__form_html_erb___3193629824622097100_70362075342980'
  app/views/cats/form.html.erb:1:in `_app_views_cats_form_html_erb___746308708231981757_70362079867680'
  app/controllers/cats_controller.rb:15:in `new'

Started POST "/__better_errors/1b930d6822df166b/variables" for 127.0.0.1 at 2018-09-11 14:51:39 -0700
Started GET "/cats/new" for 127.0.0.1 at 2018-09-11 14:52:39 -0700
Processing by CatsController#new as HTML
  Rendering cats/form.html.erb within layouts/application
  Rendered cats/_form.html.erb (0.7ms)
  Rendered cats/form.html.erb within layouts/application (2.8ms)
Completed 200 OK in 49ms (Views: 47.9ms | ActiveRecord: 0.0ms)


Started GET "/cats/1/edit" for 127.0.0.1 at 2018-09-11 14:52:54 -0700
Processing by CatsController#edit as HTML
  Parameters: {"id"=>"1"}
  [1m[36mCat Load (0.4ms)[0m  [1m[34mSELECT  "cats".* FROM "cats" WHERE "cats"."id" = $1 LIMIT $2[0m  [["id", 1], ["LIMIT", 1]]
  ↳ app/controllers/cats_controller.rb:19
  Rendering cats/edit.html.erb within layouts/application
  Rendered cats/_form.html.erb (0.8ms)
  Rendered cats/edit.html.erb within layouts/application (2.8ms)
Completed 200 OK in 88ms (Views: 22.6ms | ActiveRecord: 14.4ms)


Started GET "/cats/1/edit" for 127.0.0.1 at 2018-09-11 14:58:59 -0700
Processing by CatsController#edit as HTML
  Parameters: {"id"=>"1"}
  [1m[36mCat Load (1.0ms)[0m  [1m[34mSELECT  "cats".* FROM "cats" WHERE "cats"."id" = $1 LIMIT $2[0m  [["id", 1], ["LIMIT", 1]]
  ↳ app/controllers/cats_controller.rb:19
  Rendering cats/edit.html.erb within layouts/application
  Rendered cats/_form.html.erb (1.0ms)
  Rendered cats/edit.html.erb within layouts/application (3.0ms)
Completed 200 OK in 42ms (Views: 39.5ms | ActiveRecord: 1.0ms)


Started GET "/cats/1/edit" for 127.0.0.1 at 2018-09-11 14:59:08 -0700
Processing by CatsController#edit as HTML
  Parameters: {"id"=>"1"}
  [1m[36mCat Load (0.6ms)[0m  [1m[34mSELECT  "cats".* FROM "cats" WHERE "cats"."id" = $1 LIMIT $2[0m  [["id", 1], ["LIMIT", 1]]
  ↳ app/controllers/cats_controller.rb:19
  Rendering cats/edit.html.erb within layouts/application
  Rendered cats/_form.html.erb (0.9ms)
  Rendered cats/edit.html.erb within layouts/application (3.4ms)
Completed 200 OK in 49ms (Views: 47.1ms | ActiveRecord: 0.6ms)


Started GET "/cats/new" for 127.0.0.1 at 2018-09-11 14:59:31 -0700
Processing by CatsController#new as HTML
  Rendering cats/form.html.erb within layouts/application
  Rendered cats/_form.html.erb (0.8ms)
  Rendered cats/form.html.erb within layouts/application (3.1ms)
Completed 200 OK in 73ms (Views: 72.1ms | ActiveRecord: 0.0ms)


Started GET "/cats/new" for 127.0.0.1 at 2018-09-11 15:04:02 -0700
Processing by CatsController#new as HTML
  Rendering cats/form.html.erb within layouts/application
  Rendered cats/_form.html.erb (1.6ms)
  Rendered cats/form.html.erb within layouts/application (6.2ms)
Completed 500 Internal Server Error in 102ms (Views: 46.9ms | ActiveRecord: 14.0ms)



NoMethodError - undefined method `create' for #<Cat:0x00007ffce2afe7b8>
Did you mean?  created_at:
  app/controllers/cats_controller.rb:16:in `new'

Started POST "/__better_errors/b6f3d9f5f31d83eb/variables" for 127.0.0.1 at 2018-09-11 15:04:03 -0700
Started GET "/cats/new" for 127.0.0.1 at 2018-09-11 15:04:27 -0700
Processing by CatsController#new as HTML
  Rendering cats/form.html.erb within layouts/application
  Rendered cats/_form.html.erb (1.2ms)
  Rendered cats/form.html.erb within layouts/application (5.2ms)
  [1m[35m (1.6ms)[0m  [1m[35mBEGIN[0m
  ↳ app/controllers/cats_controller.rb:16
  [1m[35m (0.3ms)[0m  [1m[31mROLLBACK[0m
  ↳ app/controllers/cats_controller.rb:16
Completed 200 OK in 84ms (Views: 24.2ms | ActiveRecord: 13.8ms)


Started GET "/cats/new" for 127.0.0.1 at 2018-09-11 15:11:45 -0700
Processing by CatsController#new as HTML
  Rendering cats/form.html.erb within layouts/application
  Rendered cats/_form.html.erb (3.3ms)
  Rendered cats/form.html.erb within layouts/application (8.5ms)
  [1m[35m (0.3ms)[0m  [1m[35mBEGIN[0m
  ↳ app/controllers/cats_controller.rb:18
  [1m[35m (0.4ms)[0m  [1m[31mROLLBACK[0m
  ↳ app/controllers/cats_controller.rb:18
Completed 200 OK in 12158ms (Views: 167.5ms | ActiveRecord: 13.6ms)


Started GET "/cats/new" for 127.0.0.1 at 2018-09-11 15:23:38 -0700
Processing by CatsController#new as HTML
  Rendering cats/new.html.erb within layouts/application
  Rendered cats/_form.html.erb (1.1ms)
  Rendered cats/new.html.erb within layouts/application (3.8ms)
Completed 200 OK in 128ms (Views: 89.8ms | ActiveRecord: 12.2ms)


Started GET "/cats/new" for 127.0.0.1 at 2018-09-11 15:27:25 -0700
Processing by CatsController#new as HTML
  Rendering cats/new.html.erb within layouts/application
  Rendered cats/_form.html.erb (1.4ms)
  Rendered cats/new.html.erb within layouts/application (4.6ms)
Completed 200 OK in 89ms (Views: 44.1ms | ActiveRecord: 6.9ms)


Started GET "/" for 127.0.0.1 at 2018-09-11 15:31:13 -0700
Processing by Rails::WelcomeController#index as HTML
  Rendering /usr/local/var/rbenv/versions/2.5.0/lib/ruby/gems/2.5.0/gems/railties-5.2.1/lib/rails/templates/rails/welcome/index.html.erb
  Rendered /usr/local/var/rbenv/versions/2.5.0/lib/ruby/gems/2.5.0/gems/railties-5.2.1/lib/rails/templates/rails/welcome/index.html.erb (3.0ms)
Completed 200 OK in 28ms (Views: 6.7ms | ActiveRecord: 0.0ms)


Started GET "/cats/new" for 127.0.0.1 at 2018-09-11 15:31:18 -0700
Processing by CatsController#new as HTML
  Rendering cats/new.html.erb within layouts/application
  Rendered cats/_form.html.erb (1.1ms)
  Rendered cats/new.html.erb within layouts/application (31.8ms)
Completed 200 OK in 170ms (Views: 140.5ms | ActiveRecord: 6.8ms)


Started GET "/cats/new" for 127.0.0.1 at 2018-09-11 15:36:37 -0700
Processing by CatsController#new as HTML
  Rendering cats/new.html.erb within layouts/application
  Rendered cats/_form.html.erb (1.1ms)
  Rendered cats/new.html.erb within layouts/application (3.7ms)
Completed 200 OK in 49ms (Views: 48.5ms | ActiveRecord: 0.0ms)


Started GET "/cats/new" for 127.0.0.1 at 2018-09-11 15:37:10 -0700
Processing by CatsController#new as HTML
  Rendering cats/new.html.erb within layouts/application
  Rendered cats/_form.html.erb (1.1ms)
  Rendered cats/new.html.erb within layouts/application (3.2ms)
Completed 200 OK in 37ms (Views: 36.0ms | ActiveRecord: 0.0ms)


Started GET "/cats/new" for 127.0.0.1 at 2018-09-11 15:37:28 -0700
Processing by CatsController#new as HTML
  Rendering cats/new.html.erb within layouts/application
  Rendered cats/_form.html.erb (1.0ms)
  Rendered cats/new.html.erb within layouts/application (3.1ms)
Completed 200 OK in 38ms (Views: 37.0ms | ActiveRecord: 0.0ms)


Started GET "/cats/new" for 127.0.0.1 at 2018-09-11 15:45:59 -0700
Processing by CatsController#new as HTML
  Rendering cats/new.html.erb within layouts/application
  Rendered cats/_form.html.erb (3.5ms)
  Rendered cats/new.html.erb within layouts/application (8.8ms)
Completed 200 OK in 146ms (Views: 92.7ms | ActiveRecord: 19.8ms)


Started GET "/cats/new" for 127.0.0.1 at 2018-09-11 15:49:22 -0700
Processing by CatsController#new as HTML
  Rendering cats/new.html.erb within layouts/application
  Rendered cats/_form.html.erb (1.3ms)
  Rendered cats/new.html.erb within layouts/application (3.6ms)
Completed 200 OK in 32ms (Views: 30.6ms | ActiveRecord: 0.0ms)


Started GET "/cats/5" for 127.0.0.1 at 2018-09-11 15:50:04 -0700
Processing by CatsController#show as HTML
  Parameters: {"id"=>"5"}
  [1m[36mCat Load (0.6ms)[0m  [1m[34mSELECT  "cats".* FROM "cats" WHERE "cats"."id" = $1 LIMIT $2[0m  [["id", 5], ["LIMIT", 1]]
  ↳ app/controllers/cats_controller.rb:9
Completed 404 Not Found in 8ms (ActiveRecord: 1.0ms)



ActiveRecord::RecordNotFound - Couldn't find Cat with 'id'=5:
  app/controllers/cats_controller.rb:9:in `show'

Started POST "/__better_errors/aea96854f75dac94/variables" for 127.0.0.1 at 2018-09-11 15:50:04 -0700
Started GET "/cats/2" for 127.0.0.1 at 2018-09-11 15:50:08 -0700
Processing by CatsController#show as HTML
  Parameters: {"id"=>"2"}
  [1m[36mCat Load (0.4ms)[0m  [1m[34mSELECT  "cats".* FROM "cats" WHERE "cats"."id" = $1 LIMIT $2[0m  [["id", 2], ["LIMIT", 1]]
  ↳ app/controllers/cats_controller.rb:9
Completed 404 Not Found in 2ms (ActiveRecord: 0.4ms)



ActiveRecord::RecordNotFound - Couldn't find Cat with 'id'=2:
  app/controllers/cats_controller.rb:9:in `show'

Started POST "/__better_errors/1baef6576f2ac55b/variables" for 127.0.0.1 at 2018-09-11 15:50:09 -0700
Started GET "/cats/1" for 127.0.0.1 at 2018-09-11 15:50:11 -0700
Processing by CatsController#show as HTML
  Parameters: {"id"=>"1"}
  [1m[36mCat Load (0.7ms)[0m  [1m[34mSELECT  "cats".* FROM "cats" WHERE "cats"."id" = $1 LIMIT $2[0m  [["id", 1], ["LIMIT", 1]]
  ↳ app/controllers/cats_controller.rb:9
  Rendering cats/show.html.erb within layouts/application
  Rendered cats/show.html.erb within layouts/application (0.8ms)
Completed 200 OK in 83ms (Views: 79.8ms | ActiveRecord: 0.7ms)


Started GET "/cats/new" for 127.0.0.1 at 2018-09-11 15:51:07 -0700
Processing by CatsController#new as HTML
  Rendering cats/new.html.erb within layouts/application
  Rendered cats/_form.html.erb (1.1ms)
  Rendered cats/new.html.erb within layouts/application (3.1ms)
Completed 200 OK in 31ms (Views: 30.2ms | ActiveRecord: 0.0ms)


Started POST "/cats" for 127.0.0.1 at 2018-09-11 15:51:23 -0700
Processing by CatsController#create as HTML
  Parameters: {"cat"=>{"name"=>" Ser Pounce", "sex"=>"on", "color"=>"purple", "birth_date"=>"0300-07-22", "description"=>"A Feast for Crows\r\nMargaery Tyrell gives Tommen three black kittens.[2] Dorcas makes Tommen a mouse from scraps of fur and ties it on a fishing pole. The kittens love to chase it and Tommen likes nothing better than jerking it across the floor as the cats pounce on it.[3] Ser Pounce catches a mouse but Lady Whiskers steals it from him. When Tommen tells this to his mother, Cersei Lannister, she replies, \"Ser Pounce must learn to defend his right. In this world the weak are always the victims of the strong.\"[4]\r\n\r\nA Dance with Dragons\r\nWhen King Tommen dines with his mother and Ser Kevan Lannister, he brings his kittens. At the dinner he claims Ser Pounce hissed at the bad cat that was at his window and scared him away. After dinner the king and his kittens are escorted to the royal bedchamber by Ser Boros Blount.[5]"}, "submit"=>"Create Cat"}
Started POST "/cats" for 127.0.0.1 at 2018-09-11 15:51:52 -0700
  [1m[35m (1.8ms)[0m  [1m[35mBEGIN[0m
Started GET "/cats/new" for 127.0.0.1 at 2018-09-11 15:51:52 -0700
Started GET "/cats/new" for 127.0.0.1 at 2018-09-11 15:51:52 -0700
Started GET "/cats/new" for 127.0.0.1 at 2018-09-11 15:51:52 -0700
  ↳ app/controllers/cats_controller.rb:21
  [1m[35m (0.3ms)[0m  [1m[31mROLLBACK[0m
  ↳ app/controllers/cats_controller.rb:21
  Rendering cats/new.html.erb within layouts/application
  Rendered cats/_form.html.erb (1.0ms)
  Rendered cats/new.html.erb within layouts/application (3.9ms)
Completed 200 OK in 29841ms (Views: 24.3ms | ActiveRecord: 2.1ms)


Processing by CatsController#create as HTML
  Parameters: {"cat"=>{"name"=>" Ser Pounce", "sex"=>"on", "color"=>"purple", "birth_date"=>"0300-07-22", "description"=>"A Feast for Crows\r\nMargaery Tyrell gives Tommen three black kittens.[2] Dorcas makes Tommen a mouse from scraps of fur and ties it on a fishing pole. The kittens love to chase it and Tommen likes nothing better than jerking it across the floor as the cats pounce on it.[3] Ser Pounce catches a mouse but Lady Whiskers steals it from him. When Tommen tells this to his mother, Cersei Lannister, she replies, \"Ser Pounce must learn to defend his right. In this world the weak are always the victims of the strong.\"[4]\r\n\r\nA Dance with Dragons\r\nWhen King Tommen dines with his mother and Ser Kevan Lannister, he brings his kittens. At the dinner he claims Ser Pounce hissed at the bad cat that was at his window and scared him away. After dinner the king and his kittens are escorted to the royal bedchamber by Ser Boros Blount.[5]"}, "submit"=>"Create Cat"}
Processing by CatsController#new as HTML
Processing by CatsController#new as HTML
Processing by CatsController#new as HTML
  [1m[35m (0.7ms)[0m  [1m[35mBEGIN[0m
  Rendering cats/new.html.erb within layouts/application
  Rendered cats/_form.html.erb (0.2ms)
  Rendered cats/new.html.erb within layouts/application (2.0ms)
  Rendering cats/new.html.erb within layouts/application
  Rendering cats/new.html.erb within layouts/application
  ↳ app/controllers/cats_controller.rb:21
  Rendered cats/_form.html.erb (0.1ms)
  Rendered cats/_form.html.erb (0.2ms)
  Rendered cats/new.html.erb within layouts/application (6.0ms)
  Rendered cats/new.html.erb within layouts/application (4.9ms)
  [1m[35m (1.5ms)[0m  [1m[31mROLLBACK[0m
  ↳ app/controllers/cats_controller.rb:21
  Rendering cats/new.html.erb within layouts/application
Completed 200 OK in 29ms (Views: 28.3ms | ActiveRecord: 0.0ms)


  Rendered cats/_form.html.erb (0.2ms)
  Rendered cats/new.html.erb within layouts/application (8.6ms)
Completed 200 OK in 74ms (Views: 73.2ms | ActiveRecord: 0.0ms)


Completed 200 OK in 1494ms (Views: 46.5ms | ActiveRecord: 2.2ms)


Completed 200 OK in 100ms (Views: 99.3ms | ActiveRecord: 0.0ms)


Started POST "/cats" for 127.0.0.1 at 2018-09-11 15:52:19 -0700
Processing by CatsController#create as HTML
  Parameters: {"cat"=>{"name"=>" Ser Pounce", "sex"=>"on", "color"=>"purple", "birth_date"=>"0300-07-22", "description"=>"A Feast for Crows\r\nMargaery Tyrell gives Tommen three black kittens.[2] Dorcas makes Tommen a mouse from scraps of fur and ties it on a fishing pole. The kittens love to chase it and Tommen likes nothing better than jerking it across the floor as the cats pounce on it.[3] Ser Pounce catches a mouse but Lady Whiskers steals it from him. When Tommen tells this to his mother, Cersei Lannister, she replies, \"Ser Pounce must learn to defend his right. In this world the weak are always the victims of the strong.\"[4]\r\n\r\nA Dance with Dragons\r\nWhen King Tommen dines with his mother and Ser Kevan Lannister, he brings his kittens. At the dinner he claims Ser Pounce hissed at the bad cat that was at his window and scared him away. After dinner the king and his kittens are escorted to the royal bedchamber by Ser Boros Blount.[5]"}, "submit"=>"Create Cat"}
  [1m[35m (0.3ms)[0m  [1m[35mBEGIN[0m
  ↳ app/controllers/cats_controller.rb:21
  [1m[35m (0.2ms)[0m  [1m[31mROLLBACK[0m
  ↳ app/controllers/cats_controller.rb:21
  Rendering cats/new.html.erb within layouts/application
  Rendered cats/_form.html.erb (1.5ms)
  Rendered cats/new.html.erb within layouts/application (6.4ms)
Completed 200 OK in 87ms (Views: 28.8ms | ActiveRecord: 26.6ms)


  [1m[35m (0.3ms)[0m  [1m[35mBEGIN[0m
  [1m[36mCat Create (10.7ms)[0m  [1m[32mINSERT INTO "cats" ("birth_date", "color", "name", "sex", "description", "created_at", "updated_at") VALUES ($1, $2, $3, $4, $5, $6, $7) RETURNING "id"[0m  [["birth_date", "1999-07-07"], ["color", "blue"], ["name", "nick"], ["sex", "M"], ["description", "a smart cat"], ["created_at", "2018-09-11 22:54:52.875382"], ["updated_at", "2018-09-11 22:54:52.875382"]]
  [1m[35m (17.3ms)[0m  [1m[35mCOMMIT[0m
Started POST "/cats" for 127.0.0.1 at 2018-09-11 15:55:22 -0700
Processing by CatsController#create as HTML
  Parameters: {"cat"=>{"name"=>" Ser Pounce", "sex"=>"on", "color"=>"purple", "birth_date"=>"0300-07-22", "description"=>"Ser pouncea lot"}, "submit"=>"Create Cat"}
  [1m[35m (0.2ms)[0m  [1m[35mBEGIN[0m
  ↳ app/controllers/cats_controller.rb:21
  [1m[35m (0.2ms)[0m  [1m[31mROLLBACK[0m
  ↳ app/controllers/cats_controller.rb:21
  Rendering cats/new.html.erb within layouts/application
  Rendered cats/_form.html.erb (0.9ms)
  Rendered cats/new.html.erb within layouts/application (3.0ms)
Completed 200 OK in 43ms (Views: 39.4ms | ActiveRecord: 0.5ms)


Started POST "/cats" for 127.0.0.1 at 2018-09-11 16:01:36 -0700
Processing by CatsController#create as HTML
  Parameters: {"cat"=>{"name"=>" Ser Pounce", "sex"=>"on", "color"=>"purple", "birth_date"=>"0300-07-22", "description"=>"Ser pouncea lot"}, "submit"=>"Create Cat"}
  [1m[35m (0.2ms)[0m  [1m[35mBEGIN[0m
  ↳ app/controllers/cats_controller.rb:21
  [1m[35m (0.2ms)[0m  [1m[31mROLLBACK[0m
  ↳ app/controllers/cats_controller.rb:21
  Rendering cats/new.html.erb within layouts/application
  Rendered cats/_form.html.erb (1.1ms)
  Rendered cats/new.html.erb within layouts/application (3.5ms)
Completed 200 OK in 31ms (Views: 27.8ms | ActiveRecord: 0.5ms)


Started POST "/cats" for 127.0.0.1 at 2018-09-11 16:02:36 -0700
Processing by CatsController#create as HTML
  Parameters: {"cat"=>{"name"=>" Ser Pounce", "sex"=>"M", "color"=>"purple", "birth_date"=>"0300-07-22", "description"=>"Following Joffrey's death, his younger brother Tommen is set to succeed him as king. Margaery Tyrell is warned by her grandmother Olenna that she should insinuate herself with Tommen as soon as possible, before his mother Cersei can turn the boy against her. Margaery sneaks into Tommen's chambers at night and (chastely) says she wants to get to know him better, if they are to be married. Ser Pounce jumps on the bed and nuzzles up to Margaery, who calls him a proper fellow. Tommen introduces Margaery to the cat, then uncomfortably tells her how Joffrey once seriously threatened to kill it."}, "submit"=>"Create Cat"}
  [1m[35m (0.2ms)[0m  [1m[35mBEGIN[0m
  ↳ app/controllers/cats_controller.rb:21
  [1m[36mCat Create (2.2ms)[0m  [1m[32mINSERT INTO "cats" ("birth_date", "color", "name", "sex", "description", "created_at", "updated_at") VALUES ($1, $2, $3, $4, $5, $6, $7) RETURNING "id"[0m  [["birth_date", "0300-07-22"], ["color", "purple"], ["name", " Ser Pounce"], ["sex", "M"], ["description", "Following Joffrey's death, his younger brother Tommen is set to succeed him as king. Margaery Tyrell is warned by her grandmother Olenna that she should insinuate herself with Tommen as soon as possible, before his mother Cersei can turn the boy against her. Margaery sneaks into Tommen's chambers at night and (chastely) says she wants to get to know him better, if they are to be married. Ser Pounce jumps on the bed and nuzzles up to Margaery, who calls him a proper fellow. Tommen introduces Margaery to the cat, then uncomfortably tells her how Joffrey once seriously threatened to kill it."], ["created_at", "2018-09-11 23:02:36.739188"], ["updated_at", "2018-09-11 23:02:36.739188"]]
  ↳ app/controllers/cats_controller.rb:21
  [1m[35m (69.5ms)[0m  [1m[35mCOMMIT[0m
  ↳ app/controllers/cats_controller.rb:21
Redirected to http://localhost:3000/cats
Completed 302 Found in 78ms (ActiveRecord: 71.9ms)


Started GET "/cats" for 127.0.0.1 at 2018-09-11 16:02:36 -0700
Processing by CatsController#index as HTML
  Rendering cats/index.html.erb within layouts/application
  [1m[36mCat Load (0.7ms)[0m  [1m[34mSELECT "cats".* FROM "cats"[0m
  ↳ app/views/cats/index.html.erb:2
  Rendered cats/index.html.erb within layouts/application (3.1ms)
Completed 200 OK in 314ms (Views: 312.4ms | ActiveRecord: 0.7ms)


Started GET "/cats/3" for 127.0.0.1 at 2018-09-11 16:02:46 -0700
Processing by CatsController#show as HTML
  Parameters: {"id"=>"3"}
  [1m[36mCat Load (0.5ms)[0m  [1m[34mSELECT  "cats".* FROM "cats" WHERE "cats"."id" = $1 LIMIT $2[0m  [["id", 3], ["LIMIT", 1]]
  ↳ app/controllers/cats_controller.rb:9
  Rendering cats/show.html.erb within layouts/application
  Rendered cats/show.html.erb within layouts/application (0.8ms)
Completed 200 OK in 17ms (Views: 13.0ms | ActiveRecord: 0.8ms)


Started GET "/cats/3" for 127.0.0.1 at 2018-09-11 16:04:24 -0700
Processing by CatsController#show as HTML
  Parameters: {"id"=>"3"}
  [1m[36mCat Load (0.7ms)[0m  [1m[34mSELECT  "cats".* FROM "cats" WHERE "cats"."id" = $1 LIMIT $2[0m  [["id", 3], ["LIMIT", 1]]
  ↳ app/controllers/cats_controller.rb:9
  Rendering cats/show.html.erb within layouts/application
  Rendered cats/show.html.erb within layouts/application (0.7ms)
Completed 200 OK in 45ms (Views: 42.0ms | ActiveRecord: 0.7ms)


Started GET "/cats/3/edit" for 127.0.0.1 at 2018-09-11 16:04:30 -0700
Processing by CatsController#edit as HTML
  Parameters: {"id"=>"3"}
  [1m[36mCat Load (0.5ms)[0m  [1m[34mSELECT  "cats".* FROM "cats" WHERE "cats"."id" = $1 LIMIT $2[0m  [["id", 3], ["LIMIT", 1]]
  ↳ app/controllers/cats_controller.rb:29
  Rendering cats/edit.html.erb within layouts/application
  Rendered cats/_form.html.erb (1.3ms)
  Rendered cats/edit.html.erb within layouts/application (4.7ms)
Completed 200 OK in 39ms (Views: 36.5ms | ActiveRecord: 0.5ms)


Started PATCH "/cats/3" for 127.0.0.1 at 2018-09-11 16:04:56 -0700

AbstractController::ActionNotFound - The action 'update' could not be found for CatsController:

Started POST "/__better_errors/fd1747678cc65692/variables" for 127.0.0.1 at 2018-09-11 16:04:56 -0700
Started PATCH "/cats/3" for 127.0.0.1 at 2018-09-11 16:08:49 -0700
Processing by CatsController#update as HTML
  Parameters: {"cat"=>{"name"=>" Ser Pounce ", "sex"=>"M", "color"=>"purple", "birth_date"=>"0300-07-22", "description"=>"According to Tommen, his older brother Joffrey didn't like Ser Pounce. Once, Joffrey threatened that he would skin the cat alive, then mix its innards up in Tommen's food, so he wouldn't know he was eating his own pet.\r\n\r\nFollowing Joffrey's death, his younger brother Tommen is set to succeed him as king. Margaery Tyrell is warned by her grandmother Olenna that she should insinuate herself with Tommen as soon as possible, before his mother Cersei can turn the boy against her. Margaery sneaks into Tommen's chambers at night and (chastely) says she wants to get to know him better, if they are to be married. Ser Pounce jumps on the bed and nuzzles up to Margaery, who calls him a proper fellow. Tommen introduces Margaery to the cat, then uncomfortably tells her how Joffrey once seriously threatened to kill it."}, "submit"=>"Edit Cat", "id"=>"3"}
  [1m[36mCat Load (0.5ms)[0m  [1m[34mSELECT  "cats".* FROM "cats" WHERE "cats"."id" = $1 LIMIT $2[0m  [["id", 3], ["LIMIT", 1]]
  ↳ app/controllers/cats_controller.rb:34
  [1m[35m (0.3ms)[0m  [1m[35mBEGIN[0m
  ↳ app/controllers/cats_controller.rb:35
  [1m[36mCat Update (0.6ms)[0m  [1m[33mUPDATE "cats" SET "name" = $1, "description" = $2, "updated_at" = $3 WHERE "cats"."id" = $4[0m  [["name", " Ser Pounce "], ["description", "According to Tommen, his older brother Joffrey didn't like Ser Pounce. Once, Joffrey threatened that he would skin the cat alive, then mix its innards up in Tommen's food, so he wouldn't know he was eating his own pet.\r\n\r\nFollowing Joffrey's death, his younger brother Tommen is set to succeed him as king. Margaery Tyrell is warned by her grandmother Olenna that she should insinuate herself with Tommen as soon as possible, before his mother Cersei can turn the boy against her. Margaery sneaks into Tommen's chambers at night and (chastely) says she wants to get to know him better, if they are to be married. Ser Pounce jumps on the bed and nuzzles up to Margaery, who calls him a proper fellow. Tommen introduces Margaery to the cat, then uncomfortably tells her how Joffrey once seriously threatened to kill it."], ["updated_at", "2018-09-11 23:08:49.574237"], ["id", 3]]
  ↳ app/controllers/cats_controller.rb:35
  [1m[35m (0.8ms)[0m  [1m[35mCOMMIT[0m
  ↳ app/controllers/cats_controller.rb:35
Redirected to http://localhost:3000/cats/3
Completed 302 Found in 66ms (ActiveRecord: 15.2ms)


Started GET "/cats/3" for 127.0.0.1 at 2018-09-11 16:08:49 -0700
Processing by CatsController#show as HTML
  Parameters: {"id"=>"3"}
  [1m[36mCat Load (0.5ms)[0m  [1m[34mSELECT  "cats".* FROM "cats" WHERE "cats"."id" = $1 LIMIT $2[0m  [["id", 3], ["LIMIT", 1]]
  ↳ app/controllers/cats_controller.rb:9
  Rendering cats/show.html.erb within layouts/application
  Rendered cats/show.html.erb within layouts/application (1.2ms)
Completed 200 OK in 37ms (Views: 34.0ms | ActiveRecord: 0.5ms)


